{"total": {"lines":{"total":8901,"covered":4300,"skipped":0,"pct":48.3},"statements":{"total":8931,"covered":4330,"skipped":0,"pct":48.48},"functions":{"total":399,"covered":80,"skipped":0,"pct":20.05},"branches":{"total":373,"covered":217,"skipped":0,"pct":58.17},"branchesTrue":{"total":0,"covered":0,"skipped":0,"pct":100}}
,"/Users/valer/dev/medi-trace/pwa/src/App.vue": {"lines":{"total":243,"covered":172,"skipped":0,"pct":70.78},"functions":{"total":17,"covered":4,"skipped":0,"pct":23.52},"statements":{"total":243,"covered":172,"skipped":0,"pct":70.78},"branches":{"total":23,"covered":14,"skipped":0,"pct":60.86}}
,"/Users/valer/dev/medi-trace/pwa/src/main.js": {"lines":{"total":9,"covered":9,"skipped":0,"pct":100},"functions":{"total":0,"covered":0,"skipped":0,"pct":100},"statements":{"total":9,"covered":9,"skipped":0,"pct":100},"branches":{"total":0,"covered":0,"skipped":0,"pct":100}}
,"/Users/valer/dev/medi-trace/pwa/src/style.css": {"lines":{"total":6,"covered":6,"skipped":0,"pct":100},"functions":{"total":0,"covered":0,"skipped":0,"pct":100},"statements":{"total":6,"covered":6,"skipped":0,"pct":100},"branches":{"total":1,"covered":1,"skipped":0,"pct":100}}
,"/Users/valer/dev/medi-trace/pwa/src/components/AppNav.vue": {"lines":{"total":218,"covered":218,"skipped":0,"pct":100},"functions":{"total":5,"covered":1,"skipped":0,"pct":20},"statements":{"total":224,"covered":224,"skipped":0,"pct":100},"branches":{"total":9,"covered":5,"skipped":0,"pct":55.55}}
,"/Users/valer/dev/medi-trace/pwa/src/components/ConfirmDialog.vue": {"lines":{"total":103,"covered":95,"skipped":0,"pct":92.23},"functions":{"total":2,"covered":0,"skipped":0,"pct":0},"statements":{"total":109,"covered":101,"skipped":0,"pct":92.66},"branches":{"total":3,"covered":3,"skipped":0,"pct":100}}
,"/Users/valer/dev/medi-trace/pwa/src/components/CrudFilterBar.vue": {"lines":{"total":84,"covered":78,"skipped":0,"pct":92.85},"functions":{"total":2,"covered":0,"skipped":0,"pct":0},"statements":{"total":90,"covered":84,"skipped":0,"pct":93.33},"branches":{"total":2,"covered":1,"skipped":0,"pct":50}}
,"/Users/valer/dev/medi-trace/pwa/src/components/HelpDrawer.vue": {"lines":{"total":59,"covered":59,"skipped":0,"pct":100},"functions":{"total":2,"covered":0,"skipped":0,"pct":0},"statements":{"total":59,"covered":59,"skipped":0,"pct":100},"branches":{"total":0,"covered":0,"skipped":0,"pct":100}}
,"/Users/valer/dev/medi-trace/pwa/src/components/UndoDeleteBanner.vue": {"lines":{"total":87,"covered":87,"skipped":0,"pct":100},"functions":{"total":0,"covered":0,"skipped":0,"pct":100},"statements":{"total":93,"covered":93,"skipped":0,"pct":100},"branches":{"total":1,"covered":1,"skipped":0,"pct":100}}
,"/Users/valer/dev/medi-trace/pwa/src/components/ValidatedInput.vue": {"lines":{"total":187,"covered":155,"skipped":0,"pct":82.88},"functions":{"total":3,"covered":0,"skipped":0,"pct":0},"statements":{"total":193,"covered":161,"skipped":0,"pct":83.41},"branches":{"total":9,"covered":5,"skipped":0,"pct":55.55}}
,"/Users/valer/dev/medi-trace/pwa/src/composables/useHelp.js": {"lines":{"total":20,"covered":13,"skipped":0,"pct":65},"functions":{"total":3,"covered":1,"skipped":0,"pct":33.33},"statements":{"total":20,"covered":13,"skipped":0,"pct":65},"branches":{"total":1,"covered":1,"skipped":0,"pct":100}}
,"/Users/valer/dev/medi-trace/pwa/src/composables/useHelpNavigation.js": {"lines":{"total":21,"covered":11,"skipped":0,"pct":52.38},"functions":{"total":2,"covered":1,"skipped":0,"pct":50},"statements":{"total":21,"covered":11,"skipped":0,"pct":52.38},"branches":{"total":1,"covered":1,"skipped":0,"pct":100}}
,"/Users/valer/dev/medi-trace/pwa/src/composables/useSelection.js": {"lines":{"total":119,"covered":100,"skipped":0,"pct":84.03},"functions":{"total":6,"covered":1,"skipped":0,"pct":16.66},"statements":{"total":119,"covered":100,"skipped":0,"pct":84.03},"branches":{"total":6,"covered":4,"skipped":0,"pct":66.66}}
,"/Users/valer/dev/medi-trace/pwa/src/composables/useSessionViewState.js": {"lines":{"total":53,"covered":38,"skipped":0,"pct":71.69},"functions":{"total":5,"covered":3,"skipped":0,"pct":60},"statements":{"total":53,"covered":38,"skipped":0,"pct":71.69},"branches":{"total":14,"covered":6,"skipped":0,"pct":42.85}}
,"/Users/valer/dev/medi-trace/pwa/src/composables/useSyncState.js": {"lines":{"total":66,"covered":54,"skipped":0,"pct":81.81},"functions":{"total":2,"covered":2,"skipped":0,"pct":100},"statements":{"total":66,"covered":54,"skipped":0,"pct":81.81},"branches":{"total":7,"covered":3,"skipped":0,"pct":42.85}}
,"/Users/valer/dev/medi-trace/pwa/src/composables/useUndoDelete.js": {"lines":{"total":56,"covered":28,"skipped":0,"pct":50},"functions":{"total":4,"covered":2,"skipped":0,"pct":50},"statements":{"total":56,"covered":28,"skipped":0,"pct":50},"branches":{"total":4,"covered":3,"skipped":0,"pct":75}}
,"/Users/valer/dev/medi-trace/pwa/src/composables/useUnsavedChangesGuard.js": {"lines":{"total":34,"covered":22,"skipped":0,"pct":64.7},"functions":{"total":2,"covered":1,"skipped":0,"pct":50},"statements":{"total":34,"covered":22,"skipped":0,"pct":64.7},"branches":{"total":5,"covered":4,"skipped":0,"pct":80}}
,"/Users/valer/dev/medi-trace/pwa/src/data/helpContent.js": {"lines":{"total":336,"covered":336,"skipped":0,"pct":100},"functions":{"total":0,"covered":0,"skipped":0,"pct":100},"statements":{"total":336,"covered":336,"skipped":0,"pct":100},"branches":{"total":0,"covered":0,"skipped":0,"pct":100}}
,"/Users/valer/dev/medi-trace/pwa/src/db/index.js": {"lines":{"total":202,"covered":132,"skipped":0,"pct":65.34},"functions":{"total":5,"covered":3,"skipped":0,"pct":60},"statements":{"total":202,"covered":132,"skipped":0,"pct":65.34},"branches":{"total":7,"covered":6,"skipped":0,"pct":85.71}}
,"/Users/valer/dev/medi-trace/pwa/src/router/index.js": {"lines":{"total":105,"covered":87,"skipped":0,"pct":82.85},"functions":{"total":13,"covered":2,"skipped":0,"pct":15.38},"statements":{"total":105,"covered":87,"skipped":0,"pct":82.85},"branches":{"total":4,"covered":3,"skipped":0,"pct":75}}
,"/Users/valer/dev/medi-trace/pwa/src/services/auth.js": {"lines":{"total":1604,"covered":565,"skipped":0,"pct":35.22},"functions":{"total":70,"covered":30,"skipped":0,"pct":42.85},"statements":{"total":1604,"covered":565,"skipped":0,"pct":35.22},"branches":{"total":130,"covered":63,"skipped":0,"pct":48.46}}
,"/Users/valer/dev/medi-trace/pwa/src/services/buildInfo.js": {"lines":{"total":14,"covered":14,"skipped":0,"pct":100},"functions":{"total":2,"covered":2,"skipped":0,"pct":100},"statements":{"total":14,"covered":14,"skipped":0,"pct":100},"branches":{"total":7,"covered":2,"skipped":0,"pct":28.57}}
,"/Users/valer/dev/medi-trace/pwa/src/services/confirmDialog.js": {"lines":{"total":78,"covered":34,"skipped":0,"pct":43.58},"functions":{"total":7,"covered":2,"skipped":0,"pct":28.57},"statements":{"total":78,"covered":34,"skipped":0,"pct":43.58},"branches":{"total":2,"covered":2,"skipped":0,"pct":100}}
,"/Users/valer/dev/medi-trace/pwa/src/services/confirmations.js": {"lines":{"total":250,"covered":81,"skipped":0,"pct":32.4},"functions":{"total":10,"covered":0,"skipped":0,"pct":0},"statements":{"total":250,"covered":81,"skipped":0,"pct":32.4},"branches":{"total":0,"covered":0,"skipped":0,"pct":100}}
,"/Users/valer/dev/medi-trace/pwa/src/services/errorHandling.js": {"lines":{"total":326,"covered":131,"skipped":0,"pct":40.18},"functions":{"total":13,"covered":0,"skipped":0,"pct":0},"statements":{"total":326,"covered":131,"skipped":0,"pct":40.18},"branches":{"total":0,"covered":0,"skipped":0,"pct":100}}
,"/Users/valer/dev/medi-trace/pwa/src/services/farmaci.js": {"lines":{"total":336,"covered":73,"skipped":0,"pct":21.72},"functions":{"total":9,"covered":0,"skipped":0,"pct":0},"statements":{"total":336,"covered":73,"skipped":0,"pct":21.72},"branches":{"total":0,"covered":0,"skipped":0,"pct":100}}
,"/Users/valer/dev/medi-trace/pwa/src/services/formValidation.js": {"lines":{"total":273,"covered":173,"skipped":0,"pct":63.36},"functions":{"total":23,"covered":3,"skipped":0,"pct":13.04},"statements":{"total":273,"covered":173,"skipped":0,"pct":63.36},"branches":{"total":6,"covered":4,"skipped":0,"pct":66.66}}
,"/Users/valer/dev/medi-trace/pwa/src/services/gist.js": {"lines":{"total":214,"covered":60,"skipped":0,"pct":28.03},"functions":{"total":9,"covered":0,"skipped":0,"pct":0},"statements":{"total":214,"covered":60,"skipped":0,"pct":28.03},"branches":{"total":0,"covered":0,"skipped":0,"pct":100}}
,"/Users/valer/dev/medi-trace/pwa/src/services/homeDashboard.js": {"lines":{"total":56,"covered":53,"skipped":0,"pct":94.64},"functions":{"total":3,"covered":3,"skipped":0,"pct":100},"statements":{"total":56,"covered":53,"skipped":0,"pct":94.64},"branches":{"total":3,"covered":3,"skipped":0,"pct":100}}
,"/Users/valer/dev/medi-trace/pwa/src/services/ids.js": {"lines":{"total":13,"covered":2,"skipped":0,"pct":15.38},"functions":{"total":2,"covered":0,"skipped":0,"pct":0},"statements":{"total":13,"covered":2,"skipped":0,"pct":15.38},"branches":{"total":0,"covered":0,"skipped":0,"pct":100}}
,"/Users/valer/dev/medi-trace/pwa/src/services/notifications.js": {"lines":{"total":388,"covered":106,"skipped":0,"pct":27.31},"functions":{"total":31,"covered":6,"skipped":0,"pct":19.35},"statements":{"total":388,"covered":106,"skipped":0,"pct":27.31},"branches":{"total":15,"covered":6,"skipped":0,"pct":40}}
,"/Users/valer/dev/medi-trace/pwa/src/services/promemoria.js": {"lines":{"total":386,"covered":95,"skipped":0,"pct":24.61},"functions":{"total":14,"covered":0,"skipped":0,"pct":0},"statements":{"total":386,"covered":95,"skipped":0,"pct":24.61},"branches":{"total":0,"covered":0,"skipped":0,"pct":100}}
,"/Users/valer/dev/medi-trace/pwa/src/services/reporting.js": {"lines":{"total":627,"covered":184,"skipped":0,"pct":29.34},"functions":{"total":24,"covered":4,"skipped":0,"pct":16.66},"statements":{"total":627,"covered":184,"skipped":0,"pct":29.34},"branches":{"total":15,"covered":5,"skipped":0,"pct":33.33}}
,"/Users/valer/dev/medi-trace/pwa/src/services/supabaseClient.js": {"lines":{"total":36,"covered":14,"skipped":0,"pct":38.88},"functions":{"total":2,"covered":0,"skipped":0,"pct":0},"statements":{"total":36,"covered":14,"skipped":0,"pct":38.88},"branches":{"total":2,"covered":0,"skipped":0,"pct":0}}
,"/Users/valer/dev/medi-trace/pwa/src/services/supabaseSync.js": {"lines":{"total":166,"covered":59,"skipped":0,"pct":35.54},"functions":{"total":7,"covered":0,"skipped":0,"pct":0},"statements":{"total":166,"covered":59,"skipped":0,"pct":35.54},"branches":{"total":0,"covered":0,"skipped":0,"pct":100}}
,"/Users/valer/dev/medi-trace/pwa/src/services/supabaseTableAuth.js": {"lines":{"total":256,"covered":49,"skipped":0,"pct":19.14},"functions":{"total":23,"covered":0,"skipped":0,"pct":0},"statements":{"total":256,"covered":49,"skipped":0,"pct":19.14},"branches":{"total":0,"covered":0,"skipped":0,"pct":100}}
,"/Users/valer/dev/medi-trace/pwa/src/services/sync.js": {"lines":{"total":559,"covered":76,"skipped":0,"pct":13.59},"functions":{"total":9,"covered":0,"skipped":0,"pct":0},"statements":{"total":559,"covered":76,"skipped":0,"pct":13.59},"branches":{"total":0,"covered":0,"skipped":0,"pct":100}}
,"/Users/valer/dev/medi-trace/pwa/src/services/syncBackend.js": {"lines":{"total":41,"covered":26,"skipped":0,"pct":63.41},"functions":{"total":6,"covered":0,"skipped":0,"pct":0},"statements":{"total":41,"covered":26,"skipped":0,"pct":63.41},"branches":{"total":0,"covered":0,"skipped":0,"pct":100}}
,"/Users/valer/dev/medi-trace/pwa/src/views/FarmaciView.vue": {"lines":{"total":1087,"covered":622,"skipped":0,"pct":57.22},"functions":{"total":59,"covered":7,"skipped":0,"pct":11.86},"statements":{"total":1087,"covered":622,"skipped":0,"pct":57.22},"branches":{"total":61,"covered":43,"skipped":0,"pct":70.49}}
,"/Users/valer/dev/medi-trace/pwa/src/views/HomeView.vue": {"lines":{"total":183,"covered":183,"skipped":0,"pct":100},"functions":{"total":3,"covered":2,"skipped":0,"pct":66.66},"statements":{"total":183,"covered":183,"skipped":0,"pct":100},"branches":{"total":35,"covered":28,"skipped":0,"pct":80}}
}
